2025-04-06 13:55:46,604 - INFO - Starting crawler...
2025-04-06 13:55:49,316 - INFO - Found 0 product URLs on https://www.virgio.com
2025-04-06 13:55:49,318 - INFO - Results saved to results/eb4554e4-0ac9-4049-83e8-ed2dfa03e7f4_results.csv
2025-04-06 13:55:49,318 - INFO - Domain results saved to products_www_virgio_com.csv
2025-04-06 13:56:03,326 - INFO - Starting crawler...
2025-04-06 13:56:50,154 - ERROR - Error fetching https://www.virgio.com/collections/all Retrying : 1: 
2025-04-06 13:56:50,154 - ERROR - Error fetching https://www.virgio.com/pages/ambassador-program Retrying : 1: 
2025-04-06 13:56:50,154 - ERROR - Error fetching https://www.virgio.com/collections/bottomwear-date Retrying : 1: 
2025-04-06 13:56:50,155 - ERROR - Error fetching https://www.virgio.com/collections/dresses-date Retrying : 1: 
2025-04-06 13:56:50,155 - ERROR - Error fetching https://www.virgio.com/blogs/news Retrying : 1: 
2025-04-06 13:56:50,155 - ERROR - Error fetching https://www.virgio.com/pages/user-policy Retrying : 1: 
2025-04-06 13:56:50,155 - ERROR - Error fetching https://www.virgio.com/pages/terms-and-conditions Retrying : 1: 
2025-04-06 13:56:50,155 - ERROR - Error fetching https://www.virgio.com/stores Retrying : 1: 
2025-04-06 13:56:50,155 - ERROR - Error fetching https://www.virgio.com/irl Retrying : 1: 
2025-04-06 13:56:50,155 - ERROR - Error fetching https://www.virgio.com/pages/sustainability Retrying : 1: 
2025-04-06 13:56:50,155 - ERROR - Error fetching https://www.virgio.com/sustainability Retrying : 1: 
2025-04-06 13:56:50,155 - ERROR - Error fetching https://www.virgio.com/smile-in-style Retrying : 1: 
2025-04-06 13:56:51,113 - WARNING - Failed to fetch https://www.virgio.com/collections/bottomwear-date, status code: 404
2025-04-06 13:56:51,506 - INFO - Found 6 product URLs on https://www.virgio.com
2025-04-06 13:56:51,507 - INFO - Results saved to results/2b1782cc-35ac-4a83-aae4-9eea6e5ff788_results.csv
2025-04-06 13:56:51,508 - INFO - Domain results saved to products_www_virgio_com.csv
